18:33:23,602  INFO devpinoyLogger<strong><strong>{1}</strong></strong>:63 - Script is run by: Naman Agrawal
18:33:23,753  INFO devpinoyLogger<strong><strong>{1}</strong></strong>:140 - Moved the success screenshots to Backup Directory
18:33:23,754  INFO devpinoyLogger<strong><strong>{1}</strong></strong>:142 - Moved the failure screenshots to Backup Directory
18:33:23,754  INFO devpinoyLogger<strong><strong>{1}</strong></strong>:146 - Cleared the ScreenShots > Failure directory.
18:33:23,756  INFO devpinoyLogger<strong><strong>{1}</strong></strong>:148 - Cleared the ScreenShots > Success directory.
18:33:34,101  INFO devpinoyLogger<strong><strong>{1}</strong></strong>:178 - Chrome browser started: CDwindow-269EDCB422E8D8C1BC6E9A62C777AA01
18:33:38,978  INFO devpinoyLogger<strong><strong>{1}</strong></strong>:39 - Test Case Started: Check_Login_Is_Successful
18:33:40,844  INFO devpinoyLogger<strong><strong>{1}</strong></strong>:57 - Click on Google Sign-In button
18:33:41,263  INFO devpinoyLogger<strong><strong>{1}</strong></strong>:77 - Enter email: naman.agrawal@quovantis.com
18:33:42,640  INFO devpinoyLogger<strong><strong>{1}</strong></strong>:97 - Enter password: **********
18:33:53,807  INFO devpinoyLogger<strong><strong>{1}</strong></strong>:49 - Test Case Completed: Check_Login_Is_Successful
18:33:54,521  INFO devpinoyLogger<strong><strong>{1}</strong></strong>:42 - Test Case Started: Navigate_To_Sprint_Report
18:33:58,507  INFO devpinoyLogger<strong><strong>{1}</strong></strong>:105 - Navigation panel is displayed: false
18:33:58,781  INFO devpinoyLogger<strong><strong>{1}</strong></strong>:122 - Open left navigation panel.
18:34:01,533  INFO devpinoyLogger<strong><strong>{1}</strong></strong>:142 - Click on Reports link in left navigation.
18:34:04,117  INFO devpinoyLogger<strong><strong>{1}</strong></strong>:162 - Click on Sprint Report.
18:34:04,200  INFO devpinoyLogger<strong><strong>{1}</strong></strong>:183 - Sprint header text is: Sprint Report
18:34:04,202  INFO devpinoyLogger<strong><strong>{1}</strong></strong>:59 - Test Case Completed: Navigate_To_Sprint_Report
18:34:04,714  INFO devpinoyLogger<strong><strong>{1}</strong></strong>:73 - Test Case Started: Select_Sprint_In_Drop_Down
18:34:04,821  INFO devpinoyLogger<strong><strong>{1}</strong></strong>:206 - Current sprint dropdown text is: START4: Sprint 47
18:34:04,956  INFO devpinoyLogger<strong><strong>{1}</strong></strong>:228 - Click on Sprint Dropdown.
18:34:05,551  INFO devpinoyLogger<strong><strong>{1}</strong></strong>:248 - Selected Sprint in dropdown: START4: Sprint 30
18:34:05,558  INFO devpinoyLogger<strong><strong>{1}</strong></strong>:101 - Test Case Completed: Select_Sprint_In_Drop_Down
18:34:06,083  INFO devpinoyLogger<strong><strong>{1}</strong></strong>:115 - Test Case Started: Generate_XLSX_Template_For_Sprint_Report
18:34:06,833  INFO devpinoyLogger<strong><strong>{1}</strong></strong>:105 - Completed Issues sheet added
18:34:06,834  INFO devpinoyLogger<strong><strong>{1}</strong></strong>:110 - Issues Not Completed sheet added
18:34:06,835  INFO devpinoyLogger<strong><strong>{1}</strong></strong>:115 - Issues completed outside sheet added
18:34:06,836  INFO devpinoyLogger<strong><strong>{1}</strong></strong>:120 - Issues Removed From Sprint sheet added
18:34:06,886  INFO devpinoyLogger<strong><strong>{1}</strong></strong>:135 - Test Case Completed: Generate_XLSX_Template_For_Sprint_Report
18:34:07,327  INFO devpinoyLogger<strong><strong>{1}</strong></strong>:149 - Test Case Started: Get_Data_For_Available_Block
18:34:07,505  INFO devpinoyLogger<strong><strong>{1}</strong></strong>:319 - Click on Issue Navigator for Completed Issue.
18:34:11,598  INFO devpinoyLogger<strong><strong>{1}</strong></strong>:465 - Sprint Report table header count: 11
18:34:11,651  INFO devpinoyLogger<strong><strong>{1}</strong></strong>:485 - Sprint Report table row count: 14
18:34:11,739  INFO devpinoyLogger<strong><strong>{1}</strong></strong>:508 - Sprint Report table header text on position 1 is: Summary
18:34:11,849  INFO devpinoyLogger<strong><strong>{1}</strong></strong>:532 - Sprint Report row 1 header 1 position text is: If a user hierarchy node is updated then it results in the incorrect rendering of hierarchy tree when a regular user logged in to Start4.
18:34:11,959  INFO devpinoyLogger<strong><strong>{1}</strong></strong>:532 - Sprint Report row 2 header 1 position text is: Supplemental Items : User is not able to see any supplemental items on reporting pages
18:34:12,060  INFO devpinoyLogger<strong><strong>{1}</strong></strong>:532 - Sprint Report row 3 header 1 position text is: Switch Survey: On switch survey, if a user does not select the hierarchy node it results in incorrect rendering of hierarchy tree.
18:34:12,182  INFO devpinoyLogger<strong><strong>{1}</strong></strong>:532 - Sprint Report row 4 header 1 position text is: Implement Dashboard API
18:34:12,292  INFO devpinoyLogger<strong><strong>{1}</strong></strong>:532 - Sprint Report row 5 header 1 position text is: Allow user to login into Minders
18:34:12,390  INFO devpinoyLogger<strong><strong>{1}</strong></strong>:532 - Sprint Report row 6 header 1 position text is: Survey Config: No border is shown on KPI in case of item, when the validation is getting off
18:34:12,479  INFO devpinoyLogger<strong><strong>{1}</strong></strong>:532 - Sprint Report row 7 header 1 position text is: Time Trend: Null value is not handled when exporting report for All Items
18:34:12,563  INFO devpinoyLogger<strong><strong>{1}</strong></strong>:532 - Sprint Report row 8 header 1 position text is: Hide Driver Matrix in under menu and slide config if it's not configured in survey config
18:34:12,640  INFO devpinoyLogger<strong><strong>{1}</strong></strong>:532 - Sprint Report row 9 header 1 position text is: START3: Time Trend issue (Error downloading time trend)
18:34:12,730  INFO devpinoyLogger<strong><strong>{1}</strong></strong>:532 - Sprint Report row 10 header 1 position text is: (May) Replicate the change we made to Start 3 filters to Start 4 where you can choose a single hierarchy node (which unselects prior selections) or select multiple hierarchy nodes
18:34:12,805  INFO devpinoyLogger<strong><strong>{1}</strong></strong>:532 - Sprint Report row 11 header 1 position text is: (May) Sortable headers on the Multi-select
18:34:12,884  INFO devpinoyLogger<strong><strong>{1}</strong></strong>:532 - Sprint Report row 12 header 1 position text is: (May) Sortable headers on the DD Table
18:34:12,966  INFO devpinoyLogger<strong><strong>{1}</strong></strong>:532 - Sprint Report row 13 header 1 position text is: START3: Show/Hide TimeTrend page using Property
18:34:13,043  INFO devpinoyLogger<strong><strong>{1}</strong></strong>:532 - Sprint Report row 14 header 1 position text is: (Apr) users who log into a report but also have org admin on a different folder should be able to switch back to another client bucket if they choose
18:34:13,113  INFO devpinoyLogger<strong><strong>{1}</strong></strong>:508 - Sprint Report table header text on position 2 is: Reporter
18:34:13,167  INFO devpinoyLogger<strong><strong>{1}</strong></strong>:508 - Sprint Report table header text on position 3 is: P
18:34:13,221  INFO devpinoyLogger<strong><strong>{1}</strong></strong>:508 - Sprint Report table header text on position 4 is: Status
18:34:13,272  INFO devpinoyLogger<strong><strong>{1}</strong></strong>:508 - Sprint Report table header text on position 5 is: Resolution
18:34:13,319  INFO devpinoyLogger<strong><strong>{1}</strong></strong>:508 - Sprint Report table header text on position 6 is: Updated
18:34:13,365  INFO devpinoyLogger<strong><strong>{1}</strong></strong>:508 - Sprint Report table header text on position 7 is: Description
18:34:13,431  INFO devpinoyLogger<strong><strong>{1}</strong></strong>:508 - Sprint Report table header text on position 8 is: Key
18:34:13,489  INFO devpinoyLogger<strong><strong>{1}</strong></strong>:508 - Sprint Report table header text on position 9 is: QA Owner
18:34:13,557  INFO devpinoyLogger<strong><strong>{1}</strong></strong>:508 - Sprint Report table header text on position 10 is: Time Spent
18:34:13,620  INFO devpinoyLogger<strong><strong>{1}</strong></strong>:508 - Sprint Report table header text on position 11 is: 
18:34:13,701  INFO devpinoyLogger<strong><strong>{1}</strong></strong>:508 - Sprint Report table header text on position 1 is: Summary
18:34:13,761  INFO devpinoyLogger<strong><strong>{1}</strong></strong>:508 - Sprint Report table header text on position 2 is: Reporter
18:34:13,818  INFO devpinoyLogger<strong><strong>{1}</strong></strong>:508 - Sprint Report table header text on position 3 is: P
18:34:13,867  INFO devpinoyLogger<strong><strong>{1}</strong></strong>:508 - Sprint Report table header text on position 4 is: Status
18:34:13,913  INFO devpinoyLogger<strong><strong>{1}</strong></strong>:508 - Sprint Report table header text on position 5 is: Resolution
18:34:13,961  INFO devpinoyLogger<strong><strong>{1}</strong></strong>:508 - Sprint Report table header text on position 6 is: Updated
18:34:13,997  INFO devpinoyLogger<strong><strong>{1}</strong></strong>:508 - Sprint Report table header text on position 7 is: Description
18:34:14,033  INFO devpinoyLogger<strong><strong>{1}</strong></strong>:508 - Sprint Report table header text on position 8 is: Key
18:34:14,106  INFO devpinoyLogger<strong><strong>{1}</strong></strong>:532 - Sprint Report row 1 header 8 position text is: S4-3338
18:34:14,185  INFO devpinoyLogger<strong><strong>{1}</strong></strong>:532 - Sprint Report row 2 header 8 position text is: S4-3328
18:34:14,259  INFO devpinoyLogger<strong><strong>{1}</strong></strong>:532 - Sprint Report row 3 header 8 position text is: S4-3295
18:34:14,340  INFO devpinoyLogger<strong><strong>{1}</strong></strong>:532 - Sprint Report row 4 header 8 position text is: S4-3272
18:34:14,450  INFO devpinoyLogger<strong><strong>{1}</strong></strong>:532 - Sprint Report row 5 header 8 position text is: S4-3271
18:34:14,566  INFO devpinoyLogger<strong><strong>{1}</strong></strong>:532 - Sprint Report row 6 header 8 position text is: S4-3224
18:34:14,654  INFO devpinoyLogger<strong><strong>{1}</strong></strong>:532 - Sprint Report row 7 header 8 position text is: S4-3220
18:34:14,718  INFO devpinoyLogger<strong><strong>{1}</strong></strong>:532 - Sprint Report row 8 header 8 position text is: S4-3166
18:34:14,786  INFO devpinoyLogger<strong><strong>{1}</strong></strong>:532 - Sprint Report row 9 header 8 position text is: S4-3165
18:34:14,855  INFO devpinoyLogger<strong><strong>{1}</strong></strong>:532 - Sprint Report row 10 header 8 position text is: S4-3144
18:34:14,922  INFO devpinoyLogger<strong><strong>{1}</strong></strong>:532 - Sprint Report row 11 header 8 position text is: S4-3132
18:34:14,989  INFO devpinoyLogger<strong><strong>{1}</strong></strong>:532 - Sprint Report row 12 header 8 position text is: S4-3131
18:34:15,065  INFO devpinoyLogger<strong><strong>{1}</strong></strong>:532 - Sprint Report row 13 header 8 position text is: S4-3116
18:34:15,136  INFO devpinoyLogger<strong><strong>{1}</strong></strong>:532 - Sprint Report row 14 header 8 position text is: S4-2634
18:34:15,202  INFO devpinoyLogger<strong><strong>{1}</strong></strong>:508 - Sprint Report table header text on position 9 is: QA Owner
18:34:15,275  INFO devpinoyLogger<strong><strong>{1}</strong></strong>:508 - Sprint Report table header text on position 10 is: Time Spent
18:34:15,314  INFO devpinoyLogger<strong><strong>{1}</strong></strong>:508 - Sprint Report table header text on position 11 is: 
18:34:15,370  INFO devpinoyLogger<strong><strong>{1}</strong></strong>:508 - Sprint Report table header text on position 1 is: Summary
18:34:15,439  INFO devpinoyLogger<strong><strong>{1}</strong></strong>:508 - Sprint Report table header text on position 2 is: Reporter
18:34:15,481  INFO devpinoyLogger<strong><strong>{1}</strong></strong>:508 - Sprint Report table header text on position 3 is: P
18:34:15,519  INFO devpinoyLogger<strong><strong>{1}</strong></strong>:508 - Sprint Report table header text on position 4 is: Status
18:34:15,565  INFO devpinoyLogger<strong><strong>{1}</strong></strong>:508 - Sprint Report table header text on position 5 is: Resolution
18:34:15,609  INFO devpinoyLogger<strong><strong>{1}</strong></strong>:508 - Sprint Report table header text on position 6 is: Updated
18:34:15,652  INFO devpinoyLogger<strong><strong>{1}</strong></strong>:508 - Sprint Report table header text on position 7 is: Description
18:34:15,693  INFO devpinoyLogger<strong><strong>{1}</strong></strong>:508 - Sprint Report table header text on position 8 is: Key
18:34:15,733  INFO devpinoyLogger<strong><strong>{1}</strong></strong>:508 - Sprint Report table header text on position 9 is: QA Owner
18:34:15,773  INFO devpinoyLogger<strong><strong>{1}</strong></strong>:508 - Sprint Report table header text on position 10 is: Time Spent
18:34:15,814  INFO devpinoyLogger<strong><strong>{1}</strong></strong>:508 - Sprint Report table header text on position 11 is: 
18:34:15,863  INFO devpinoyLogger<strong><strong>{1}</strong></strong>:508 - Sprint Report table header text on position 1 is: Summary
18:34:15,912  INFO devpinoyLogger<strong><strong>{1}</strong></strong>:508 - Sprint Report table header text on position 2 is: Reporter
18:34:15,952  INFO devpinoyLogger<strong><strong>{1}</strong></strong>:508 - Sprint Report table header text on position 3 is: P
18:34:15,990  INFO devpinoyLogger<strong><strong>{1}</strong></strong>:508 - Sprint Report table header text on position 4 is: Status
18:34:16,059  INFO devpinoyLogger<strong><strong>{1}</strong></strong>:532 - Sprint Report row 1 header 4 position text is: DONE
18:34:16,133  INFO devpinoyLogger<strong><strong>{1}</strong></strong>:532 - Sprint Report row 2 header 4 position text is: DONE
18:34:16,200  INFO devpinoyLogger<strong><strong>{1}</strong></strong>:532 - Sprint Report row 3 header 4 position text is: DONE
18:34:16,266  INFO devpinoyLogger<strong><strong>{1}</strong></strong>:532 - Sprint Report row 4 header 4 position text is: DONE
18:34:16,341  INFO devpinoyLogger<strong><strong>{1}</strong></strong>:532 - Sprint Report row 5 header 4 position text is: DONE
18:34:16,409  INFO devpinoyLogger<strong><strong>{1}</strong></strong>:532 - Sprint Report row 6 header 4 position text is: DONE
18:34:16,478  INFO devpinoyLogger<strong><strong>{1}</strong></strong>:532 - Sprint Report row 7 header 4 position text is: DONE
18:34:16,542  INFO devpinoyLogger<strong><strong>{1}</strong></strong>:532 - Sprint Report row 8 header 4 position text is: DONE
18:34:16,611  INFO devpinoyLogger<strong><strong>{1}</strong></strong>:532 - Sprint Report row 9 header 4 position text is: DONE
18:34:16,680  INFO devpinoyLogger<strong><strong>{1}</strong></strong>:532 - Sprint Report row 10 header 4 position text is: DONE
18:34:16,745  INFO devpinoyLogger<strong><strong>{1}</strong></strong>:532 - Sprint Report row 11 header 4 position text is: DONE
18:34:16,812  INFO devpinoyLogger<strong><strong>{1}</strong></strong>:532 - Sprint Report row 12 header 4 position text is: DONE
18:34:16,888  INFO devpinoyLogger<strong><strong>{1}</strong></strong>:532 - Sprint Report row 13 header 4 position text is: DONE
18:34:16,954  INFO devpinoyLogger<strong><strong>{1}</strong></strong>:532 - Sprint Report row 14 header 4 position text is: DONE
18:34:17,017  INFO devpinoyLogger<strong><strong>{1}</strong></strong>:508 - Sprint Report table header text on position 5 is: Resolution
18:34:17,058  INFO devpinoyLogger<strong><strong>{1}</strong></strong>:508 - Sprint Report table header text on position 6 is: Updated
18:34:17,098  INFO devpinoyLogger<strong><strong>{1}</strong></strong>:508 - Sprint Report table header text on position 7 is: Description
18:34:17,136  INFO devpinoyLogger<strong><strong>{1}</strong></strong>:508 - Sprint Report table header text on position 8 is: Key
18:34:17,173  INFO devpinoyLogger<strong><strong>{1}</strong></strong>:508 - Sprint Report table header text on position 9 is: QA Owner
18:34:17,211  INFO devpinoyLogger<strong><strong>{1}</strong></strong>:508 - Sprint Report table header text on position 10 is: Time Spent
18:34:17,251  INFO devpinoyLogger<strong><strong>{1}</strong></strong>:508 - Sprint Report table header text on position 11 is: 
18:34:17,300  INFO devpinoyLogger<strong><strong>{1}</strong></strong>:508 - Sprint Report table header text on position 1 is: Summary
18:34:17,337  INFO devpinoyLogger<strong><strong>{1}</strong></strong>:508 - Sprint Report table header text on position 2 is: Reporter
18:34:17,389  INFO devpinoyLogger<strong><strong>{1}</strong></strong>:508 - Sprint Report table header text on position 3 is: P
18:34:17,437  INFO devpinoyLogger<strong><strong>{1}</strong></strong>:508 - Sprint Report table header text on position 4 is: Status
18:34:17,490  INFO devpinoyLogger<strong><strong>{1}</strong></strong>:508 - Sprint Report table header text on position 5 is: Resolution
18:34:17,527  INFO devpinoyLogger<strong><strong>{1}</strong></strong>:508 - Sprint Report table header text on position 6 is: Updated
18:34:17,565  INFO devpinoyLogger<strong><strong>{1}</strong></strong>:508 - Sprint Report table header text on position 7 is: Description
18:34:17,604  INFO devpinoyLogger<strong><strong>{1}</strong></strong>:508 - Sprint Report table header text on position 8 is: Key
18:34:17,642  INFO devpinoyLogger<strong><strong>{1}</strong></strong>:508 - Sprint Report table header text on position 9 is: QA Owner
18:34:17,708  INFO devpinoyLogger<strong><strong>{1}</strong></strong>:532 - Sprint Report row 1 header 9 position text is: Naman Agrawal
18:34:17,778  INFO devpinoyLogger<strong><strong>{1}</strong></strong>:532 - Sprint Report row 2 header 9 position text is: 
18:34:17,847  INFO devpinoyLogger<strong><strong>{1}</strong></strong>:532 - Sprint Report row 3 header 9 position text is: Naman Agrawal
18:34:17,914  INFO devpinoyLogger<strong><strong>{1}</strong></strong>:532 - Sprint Report row 4 header 9 position text is: 
18:34:17,978  INFO devpinoyLogger<strong><strong>{1}</strong></strong>:532 - Sprint Report row 5 header 9 position text is: 
18:34:18,049  INFO devpinoyLogger<strong><strong>{1}</strong></strong>:532 - Sprint Report row 6 header 9 position text is: Manish Bhayana
18:34:18,120  INFO devpinoyLogger<strong><strong>{1}</strong></strong>:532 - Sprint Report row 7 header 9 position text is: Manish Bhayana
18:34:18,191  INFO devpinoyLogger<strong><strong>{1}</strong></strong>:532 - Sprint Report row 8 header 9 position text is: Manish Bhayana
18:34:18,259  INFO devpinoyLogger<strong><strong>{1}</strong></strong>:532 - Sprint Report row 9 header 9 position text is: Manish Bhayana
18:34:18,329  INFO devpinoyLogger<strong><strong>{1}</strong></strong>:532 - Sprint Report row 10 header 9 position text is: Pratik Agrawal
18:34:18,397  INFO devpinoyLogger<strong><strong>{1}</strong></strong>:532 - Sprint Report row 11 header 9 position text is: Rijul Katyal
18:34:18,463  INFO devpinoyLogger<strong><strong>{1}</strong></strong>:532 - Sprint Report row 12 header 9 position text is: Rijul Katyal
18:34:18,534  INFO devpinoyLogger<strong><strong>{1}</strong></strong>:532 - Sprint Report row 13 header 9 position text is: Pratik Agrawal
18:34:18,600  INFO devpinoyLogger<strong><strong>{1}</strong></strong>:532 - Sprint Report row 14 header 9 position text is: Rijul Katyal
18:34:18,658  INFO devpinoyLogger<strong><strong>{1}</strong></strong>:508 - Sprint Report table header text on position 10 is: Time Spent
18:34:18,699  INFO devpinoyLogger<strong><strong>{1}</strong></strong>:508 - Sprint Report table header text on position 11 is: 
18:34:18,747  INFO devpinoyLogger<strong><strong>{1}</strong></strong>:508 - Sprint Report table header text on position 1 is: Summary
18:34:18,785  INFO devpinoyLogger<strong><strong>{1}</strong></strong>:508 - Sprint Report table header text on position 2 is: Reporter
18:34:18,824  INFO devpinoyLogger<strong><strong>{1}</strong></strong>:508 - Sprint Report table header text on position 3 is: P
18:34:18,865  INFO devpinoyLogger<strong><strong>{1}</strong></strong>:508 - Sprint Report table header text on position 4 is: Status
18:34:18,905  INFO devpinoyLogger<strong><strong>{1}</strong></strong>:508 - Sprint Report table header text on position 5 is: Resolution
18:34:18,947  INFO devpinoyLogger<strong><strong>{1}</strong></strong>:508 - Sprint Report table header text on position 6 is: Updated
18:34:18,998  INFO devpinoyLogger<strong><strong>{1}</strong></strong>:508 - Sprint Report table header text on position 7 is: Description
18:34:19,036  INFO devpinoyLogger<strong><strong>{1}</strong></strong>:508 - Sprint Report table header text on position 8 is: Key
18:34:19,075  INFO devpinoyLogger<strong><strong>{1}</strong></strong>:508 - Sprint Report table header text on position 9 is: QA Owner
18:34:19,114  INFO devpinoyLogger<strong><strong>{1}</strong></strong>:508 - Sprint Report table header text on position 10 is: Time Spent
18:34:19,154  INFO devpinoyLogger<strong><strong>{1}</strong></strong>:508 - Sprint Report table header text on position 11 is: 
18:34:19,209  INFO devpinoyLogger<strong><strong>{1}</strong></strong>:508 - Sprint Report table header text on position 1 is: Summary
18:34:19,251  INFO devpinoyLogger<strong><strong>{1}</strong></strong>:508 - Sprint Report table header text on position 2 is: Reporter
18:34:19,295  INFO devpinoyLogger<strong><strong>{1}</strong></strong>:508 - Sprint Report table header text on position 3 is: P
18:34:19,334  INFO devpinoyLogger<strong><strong>{1}</strong></strong>:508 - Sprint Report table header text on position 4 is: Status
18:34:19,371  INFO devpinoyLogger<strong><strong>{1}</strong></strong>:508 - Sprint Report table header text on position 5 is: Resolution
18:34:19,408  INFO devpinoyLogger<strong><strong>{1}</strong></strong>:508 - Sprint Report table header text on position 6 is: Updated
18:34:19,447  INFO devpinoyLogger<strong><strong>{1}</strong></strong>:508 - Sprint Report table header text on position 7 is: Description
18:34:19,487  INFO devpinoyLogger<strong><strong>{1}</strong></strong>:508 - Sprint Report table header text on position 8 is: Key
18:34:19,525  INFO devpinoyLogger<strong><strong>{1}</strong></strong>:508 - Sprint Report table header text on position 9 is: QA Owner
18:34:19,566  INFO devpinoyLogger<strong><strong>{1}</strong></strong>:508 - Sprint Report table header text on position 10 is: Time Spent
18:34:19,636  INFO devpinoyLogger<strong><strong>{1}</strong></strong>:532 - Sprint Report row 1 header 10 position text is: 2 hours
18:34:19,703  INFO devpinoyLogger<strong><strong>{1}</strong></strong>:532 - Sprint Report row 2 header 10 position text is: 5 hours
18:34:19,773  INFO devpinoyLogger<strong><strong>{1}</strong></strong>:532 - Sprint Report row 3 header 10 position text is: 4 hours
18:34:19,836  INFO devpinoyLogger<strong><strong>{1}</strong></strong>:532 - Sprint Report row 4 header 10 position text is: 
18:34:19,900  INFO devpinoyLogger<strong><strong>{1}</strong></strong>:532 - Sprint Report row 5 header 10 position text is: 
18:34:19,969  INFO devpinoyLogger<strong><strong>{1}</strong></strong>:532 - Sprint Report row 6 header 10 position text is: 2 hours
18:34:20,042  INFO devpinoyLogger<strong><strong>{1}</strong></strong>:532 - Sprint Report row 7 header 10 position text is: 2 hours
18:34:20,111  INFO devpinoyLogger<strong><strong>{1}</strong></strong>:532 - Sprint Report row 8 header 10 position text is: 1 hour
18:34:20,180  INFO devpinoyLogger<strong><strong>{1}</strong></strong>:532 - Sprint Report row 9 header 10 position text is: 6 hours
18:34:20,250  INFO devpinoyLogger<strong><strong>{1}</strong></strong>:532 - Sprint Report row 10 header 10 position text is: 
18:34:20,312  INFO devpinoyLogger<strong><strong>{1}</strong></strong>:532 - Sprint Report row 11 header 10 position text is: 
18:34:20,377  INFO devpinoyLogger<strong><strong>{1}</strong></strong>:532 - Sprint Report row 12 header 10 position text is: 
18:34:20,444  INFO devpinoyLogger<strong><strong>{1}</strong></strong>:532 - Sprint Report row 13 header 10 position text is: 30 minutes
18:34:20,508  INFO devpinoyLogger<strong><strong>{1}</strong></strong>:532 - Sprint Report row 14 header 10 position text is: 2 hours
18:34:20,562  INFO devpinoyLogger<strong><strong>{1}</strong></strong>:508 - Sprint Report table header text on position 11 is: 
18:34:20,608  INFO devpinoyLogger<strong><strong>{1}</strong></strong>:508 - Sprint Report table header text on position 1 is: Summary
18:34:20,645  INFO devpinoyLogger<strong><strong>{1}</strong></strong>:508 - Sprint Report table header text on position 2 is: Reporter
18:34:20,686  INFO devpinoyLogger<strong><strong>{1}</strong></strong>:508 - Sprint Report table header text on position 3 is: P
18:34:20,725  INFO devpinoyLogger<strong><strong>{1}</strong></strong>:508 - Sprint Report table header text on position 4 is: Status
18:34:20,761  INFO devpinoyLogger<strong><strong>{1}</strong></strong>:508 - Sprint Report table header text on position 5 is: Resolution
18:34:20,799  INFO devpinoyLogger<strong><strong>{1}</strong></strong>:508 - Sprint Report table header text on position 6 is: Updated
18:34:20,863  INFO devpinoyLogger<strong><strong>{1}</strong></strong>:532 - Sprint Report row 1 header 6 position text is: 24/May/19
18:34:20,927  INFO devpinoyLogger<strong><strong>{1}</strong></strong>:532 - Sprint Report row 2 header 6 position text is: 24/May/19
18:34:20,996  INFO devpinoyLogger<strong><strong>{1}</strong></strong>:532 - Sprint Report row 3 header 6 position text is: 15/May/19
18:34:21,065  INFO devpinoyLogger<strong><strong>{1}</strong></strong>:532 - Sprint Report row 4 header 6 position text is: 24/May/19
18:34:21,131  INFO devpinoyLogger<strong><strong>{1}</strong></strong>:532 - Sprint Report row 5 header 6 position text is: 24/May/19
18:34:21,199  INFO devpinoyLogger<strong><strong>{1}</strong></strong>:532 - Sprint Report row 6 header 6 position text is: 16/May/19
18:34:21,264  INFO devpinoyLogger<strong><strong>{1}</strong></strong>:532 - Sprint Report row 7 header 6 position text is: 17/May/19
18:34:21,329  INFO devpinoyLogger<strong><strong>{1}</strong></strong>:532 - Sprint Report row 8 header 6 position text is: 20/May/19
18:34:21,399  INFO devpinoyLogger<strong><strong>{1}</strong></strong>:532 - Sprint Report row 9 header 6 position text is: 17/May/19
18:34:21,461  INFO devpinoyLogger<strong><strong>{1}</strong></strong>:532 - Sprint Report row 10 header 6 position text is: 24/May/19
18:34:21,529  INFO devpinoyLogger<strong><strong>{1}</strong></strong>:532 - Sprint Report row 11 header 6 position text is: 16/May/19
18:34:21,591  INFO devpinoyLogger<strong><strong>{1}</strong></strong>:532 - Sprint Report row 12 header 6 position text is: 24/May/19
18:34:21,655  INFO devpinoyLogger<strong><strong>{1}</strong></strong>:532 - Sprint Report row 13 header 6 position text is: 20/May/19
18:34:21,719  INFO devpinoyLogger<strong><strong>{1}</strong></strong>:532 - Sprint Report row 14 header 6 position text is: 14/May/19
18:34:21,775  INFO devpinoyLogger<strong><strong>{1}</strong></strong>:508 - Sprint Report table header text on position 7 is: Description
18:34:21,815  INFO devpinoyLogger<strong><strong>{1}</strong></strong>:508 - Sprint Report table header text on position 8 is: Key
18:34:21,853  INFO devpinoyLogger<strong><strong>{1}</strong></strong>:508 - Sprint Report table header text on position 9 is: QA Owner
18:34:21,891  INFO devpinoyLogger<strong><strong>{1}</strong></strong>:508 - Sprint Report table header text on position 10 is: Time Spent
18:34:21,964  INFO devpinoyLogger<strong><strong>{1}</strong></strong>:508 - Sprint Report table header text on position 11 is: 
18:34:22,033  INFO devpinoyLogger<strong><strong>{1}</strong></strong>:338 - Closed Completed Issue Window.
18:34:22,254  INFO devpinoyLogger<strong><strong>{1}</strong></strong>:356 - Click on Navigator for Issue Not Completed.
18:34:26,345  INFO devpinoyLogger<strong><strong>{1}</strong></strong>:465 - Sprint Report table header count: 11
18:34:26,393  INFO devpinoyLogger<strong><strong>{1}</strong></strong>:485 - Sprint Report table row count: 20
18:34:26,469  INFO devpinoyLogger<strong><strong>{1}</strong></strong>:508 - Sprint Report table header text on position 1 is: Summary
18:34:26,546  INFO devpinoyLogger<strong><strong>{1}</strong></strong>:532 - Sprint Report row 1 header 1 position text is: Blank demographic filter section appears for an anonymous survey that has scored questions.
18:34:26,613  INFO devpinoyLogger<strong><strong>{1}</strong></strong>:532 - Sprint Report row 2 header 1 position text is: SSO Validation for Regular and Client User Specific Issue
18:34:26,706  INFO devpinoyLogger<strong><strong>{1}</strong></strong>:532 - Sprint Report row 3 header 1 position text is: SSO validation for client specific Issue
18:34:26,771  INFO devpinoyLogger<strong><strong>{1}</strong></strong>:532 - Sprint Report row 4 header 1 position text is: Start3 : Hide/Show questions filters via new property
18:34:26,901  INFO devpinoyLogger<strong><strong>{1}</strong></strong>:532 - Sprint Report row 5 header 1 position text is: User Management shows roles to which a user manager does not have access to on the roles drop down while creating/editing a user.
18:34:27,101  INFO devpinoyLogger<strong><strong>{1}</strong></strong>:532 - Sprint Report row 6 header 1 position text is: Survey Property: AllowActionPlanForTheme property cannot be switched off.
18:34:27,212  INFO devpinoyLogger<strong><strong>{1}</strong></strong>:532 - Sprint Report row 7 header 1 position text is: Support hierarchy trending via mapping table, to allow for different node IDs to map to each other
18:34:27,310  INFO devpinoyLogger<strong><strong>{1}</strong></strong>:532 - Sprint Report row 8 header 1 position text is: All Results & Time Trend: Text wrap issue on exported excel file for headers and item/theme text
18:34:27,390  INFO devpinoyLogger<strong><strong>{1}</strong></strong>:532 - Sprint Report row 9 header 1 position text is: Time Trend: Current item text is missing in exported excel file
18:34:27,466  INFO devpinoyLogger<strong><strong>{1}</strong></strong>:532 - Sprint Report row 10 header 1 position text is: SSO based user authentication should be client specific
18:34:27,541  INFO devpinoyLogger<strong><strong>{1}</strong></strong>:532 - Sprint Report row 11 header 1 position text is: Boolean query search with multiple And/ OR do not work consistently.
18:34:27,617  INFO devpinoyLogger<strong><strong>{1}</strong></strong>:532 - Sprint Report row 12 header 1 position text is: Uncategorized comments are appearing on Dashboard whereas its not appearing on word cloud page
18:34:27,708  INFO devpinoyLogger<strong><strong>{1}</strong></strong>:532 - Sprint Report row 13 header 1 position text is: Change Word Cloud Implementation To Use D3JS
18:34:27,798  INFO devpinoyLogger<strong><strong>{1}</strong></strong>:532 - Sprint Report row 14 header 1 position text is: Survey Builder:Error message appearing on roster upload
18:34:27,899  INFO devpinoyLogger<strong><strong>{1}</strong></strong>:532 - Sprint Report row 15 header 1 position text is: User is being shown duplicate hexagons for a single item on dashboard under key indicators
18:34:27,979  INFO devpinoyLogger<strong><strong>{1}</strong></strong>:532 - Sprint Report row 16 header 1 position text is: Production: Start4: Less cards are getting render on team breakdown page
18:34:28,095  INFO devpinoyLogger<strong><strong>{1}</strong></strong>:532 - Sprint Report row 17 header 1 position text is: Translations: Add support for Chinese and provide fallback support for requested culture
18:34:28,192  INFO devpinoyLogger<strong><strong>{1}</strong></strong>:532 - Sprint Report row 18 header 1 position text is: Survey Configuration Slide Translation
18:34:28,258  INFO devpinoyLogger<strong><strong>{1}</strong></strong>:532 - Sprint Report row 19 header 1 position text is: (May) Run NLP on comments offline in case where we did not enable NLP initially but want to include it now
18:34:28,335  INFO devpinoyLogger<strong><strong>{1}</strong></strong>:532 - Sprint Report row 20 header 1 position text is: Link card implementation of Dashboard KPI
18:34:28,410  INFO devpinoyLogger<strong><strong>{1}</strong></strong>:508 - Sprint Report table header text on position 2 is: Reporter
18:34:28,457  INFO devpinoyLogger<strong><strong>{1}</strong></strong>:508 - Sprint Report table header text on position 3 is: P
18:34:28,506  INFO devpinoyLogger<strong><strong>{1}</strong></strong>:508 - Sprint Report table header text on position 4 is: Status
18:34:28,556  INFO devpinoyLogger<strong><strong>{1}</strong></strong>:508 - Sprint Report table header text on position 5 is: Resolution
18:34:28,606  INFO devpinoyLogger<strong><strong>{1}</strong></strong>:508 - Sprint Report table header text on position 6 is: Updated
18:34:28,652  INFO devpinoyLogger<strong><strong>{1}</strong></strong>:508 - Sprint Report table header text on position 7 is: Description
18:34:28,703  INFO devpinoyLogger<strong><strong>{1}</strong></strong>:508 - Sprint Report table header text on position 8 is: Key
18:34:28,754  INFO devpinoyLogger<strong><strong>{1}</strong></strong>:508 - Sprint Report table header text on position 9 is: QA Owner
18:34:28,800  INFO devpinoyLogger<strong><strong>{1}</strong></strong>:508 - Sprint Report table header text on position 10 is: Time Spent
18:34:28,857  INFO devpinoyLogger<strong><strong>{1}</strong></strong>:508 - Sprint Report table header text on position 11 is: 
18:34:28,904  INFO devpinoyLogger<strong><strong>{1}</strong></strong>:508 - Sprint Report table header text on position 1 is: Summary
18:34:28,940  INFO devpinoyLogger<strong><strong>{1}</strong></strong>:508 - Sprint Report table header text on position 2 is: Reporter
18:34:28,981  INFO devpinoyLogger<strong><strong>{1}</strong></strong>:508 - Sprint Report table header text on position 3 is: P
18:34:29,019  INFO devpinoyLogger<strong><strong>{1}</strong></strong>:508 - Sprint Report table header text on position 4 is: Status
18:34:29,056  INFO devpinoyLogger<strong><strong>{1}</strong></strong>:508 - Sprint Report table header text on position 5 is: Resolution
18:34:29,097  INFO devpinoyLogger<strong><strong>{1}</strong></strong>:508 - Sprint Report table header text on position 6 is: Updated
18:34:29,133  INFO devpinoyLogger<strong><strong>{1}</strong></strong>:508 - Sprint Report table header text on position 7 is: Description
18:34:29,174  INFO devpinoyLogger<strong><strong>{1}</strong></strong>:508 - Sprint Report table header text on position 8 is: Key
18:34:29,237  INFO devpinoyLogger<strong><strong>{1}</strong></strong>:532 - Sprint Report row 1 header 8 position text is: S4-3348
18:34:29,299  INFO devpinoyLogger<strong><strong>{1}</strong></strong>:532 - Sprint Report row 2 header 8 position text is: S4-3330
18:34:29,361  INFO devpinoyLogger<strong><strong>{1}</strong></strong>:532 - Sprint Report row 3 header 8 position text is: S4-3329
18:34:29,425  INFO devpinoyLogger<strong><strong>{1}</strong></strong>:532 - Sprint Report row 4 header 8 position text is: S4-3314
18:34:29,489  INFO devpinoyLogger<strong><strong>{1}</strong></strong>:532 - Sprint Report row 5 header 8 position text is: S4-3297
18:34:29,595  INFO devpinoyLogger<strong><strong>{1}</strong></strong>:532 - Sprint Report row 6 header 8 position text is: S4-3296
18:34:29,655  INFO devpinoyLogger<strong><strong>{1}</strong></strong>:532 - Sprint Report row 7 header 8 position text is: S4-3287
18:34:29,715  INFO devpinoyLogger<strong><strong>{1}</strong></strong>:532 - Sprint Report row 8 header 8 position text is: S4-3223
18:34:29,784  INFO devpinoyLogger<strong><strong>{1}</strong></strong>:532 - Sprint Report row 9 header 8 position text is: S4-3222
18:34:29,848  INFO devpinoyLogger<strong><strong>{1}</strong></strong>:532 - Sprint Report row 10 header 8 position text is: S4-3217
18:34:29,912  INFO devpinoyLogger<strong><strong>{1}</strong></strong>:532 - Sprint Report row 11 header 8 position text is: S4-3216
18:34:29,973  INFO devpinoyLogger<strong><strong>{1}</strong></strong>:532 - Sprint Report row 12 header 8 position text is: S4-3206
18:34:30,036  INFO devpinoyLogger<strong><strong>{1}</strong></strong>:532 - Sprint Report row 13 header 8 position text is: S4-3203
18:34:30,108  INFO devpinoyLogger<strong><strong>{1}</strong></strong>:532 - Sprint Report row 14 header 8 position text is: S4-3150
18:34:30,176  INFO devpinoyLogger<strong><strong>{1}</strong></strong>:532 - Sprint Report row 15 header 8 position text is: S4-3105
18:34:30,243  INFO devpinoyLogger<strong><strong>{1}</strong></strong>:532 - Sprint Report row 16 header 8 position text is: S4-3096
18:34:30,310  INFO devpinoyLogger<strong><strong>{1}</strong></strong>:532 - Sprint Report row 17 header 8 position text is: S4-3083
18:34:30,372  INFO devpinoyLogger<strong><strong>{1}</strong></strong>:532 - Sprint Report row 18 header 8 position text is: S4-2757
18:34:30,434  INFO devpinoyLogger<strong><strong>{1}</strong></strong>:532 - Sprint Report row 19 header 8 position text is: S4-2595
18:34:30,506  INFO devpinoyLogger<strong><strong>{1}</strong></strong>:532 - Sprint Report row 20 header 8 position text is: S4-1996
18:34:30,560  INFO devpinoyLogger<strong><strong>{1}</strong></strong>:508 - Sprint Report table header text on position 9 is: QA Owner
18:34:30,612  INFO devpinoyLogger<strong><strong>{1}</strong></strong>:508 - Sprint Report table header text on position 10 is: Time Spent
18:34:30,650  INFO devpinoyLogger<strong><strong>{1}</strong></strong>:508 - Sprint Report table header text on position 11 is: 
18:34:30,698  INFO devpinoyLogger<strong><strong>{1}</strong></strong>:508 - Sprint Report table header text on position 1 is: Summary
18:34:30,738  INFO devpinoyLogger<strong><strong>{1}</strong></strong>:508 - Sprint Report table header text on position 2 is: Reporter
18:34:30,775  INFO devpinoyLogger<strong><strong>{1}</strong></strong>:508 - Sprint Report table header text on position 3 is: P
18:34:30,811  INFO devpinoyLogger<strong><strong>{1}</strong></strong>:508 - Sprint Report table header text on position 4 is: Status
18:34:30,851  INFO devpinoyLogger<strong><strong>{1}</strong></strong>:508 - Sprint Report table header text on position 5 is: Resolution
18:34:30,891  INFO devpinoyLogger<strong><strong>{1}</strong></strong>:508 - Sprint Report table header text on position 6 is: Updated
18:34:30,936  INFO devpinoyLogger<strong><strong>{1}</strong></strong>:508 - Sprint Report table header text on position 7 is: Description
18:34:30,972  INFO devpinoyLogger<strong><strong>{1}</strong></strong>:508 - Sprint Report table header text on position 8 is: Key
18:34:31,009  INFO devpinoyLogger<strong><strong>{1}</strong></strong>:508 - Sprint Report table header text on position 9 is: QA Owner
18:34:31,049  INFO devpinoyLogger<strong><strong>{1}</strong></strong>:508 - Sprint Report table header text on position 10 is: Time Spent
18:34:31,088  INFO devpinoyLogger<strong><strong>{1}</strong></strong>:508 - Sprint Report table header text on position 11 is: 
18:34:31,131  INFO devpinoyLogger<strong><strong>{1}</strong></strong>:508 - Sprint Report table header text on position 1 is: Summary
18:34:31,168  INFO devpinoyLogger<strong><strong>{1}</strong></strong>:508 - Sprint Report table header text on position 2 is: Reporter
18:34:31,206  INFO devpinoyLogger<strong><strong>{1}</strong></strong>:508 - Sprint Report table header text on position 3 is: P
18:34:31,246  INFO devpinoyLogger<strong><strong>{1}</strong></strong>:508 - Sprint Report table header text on position 4 is: Status
18:34:31,315  INFO devpinoyLogger<strong><strong>{1}</strong></strong>:532 - Sprint Report row 1 header 4 position text is: DONE
18:34:31,383  INFO devpinoyLogger<strong><strong>{1}</strong></strong>:532 - Sprint Report row 2 header 4 position text is: OPEN
18:34:31,444  INFO devpinoyLogger<strong><strong>{1}</strong></strong>:532 - Sprint Report row 3 header 4 position text is: OPEN
18:34:31,506  INFO devpinoyLogger<strong><strong>{1}</strong></strong>:532 - Sprint Report row 4 header 4 position text is: RESOLVED
18:34:31,568  INFO devpinoyLogger<strong><strong>{1}</strong></strong>:532 - Sprint Report row 5 header 4 position text is: DONE
18:34:31,633  INFO devpinoyLogger<strong><strong>{1}</strong></strong>:532 - Sprint Report row 6 header 4 position text is: DONE
18:34:31,696  INFO devpinoyLogger<strong><strong>{1}</strong></strong>:532 - Sprint Report row 7 header 4 position text is: DONE
18:34:31,759  INFO devpinoyLogger<strong><strong>{1}</strong></strong>:532 - Sprint Report row 8 header 4 position text is: IN PROGRESS
18:34:31,823  INFO devpinoyLogger<strong><strong>{1}</strong></strong>:532 - Sprint Report row 9 header 4 position text is: DONE
18:34:31,885  INFO devpinoyLogger<strong><strong>{1}</strong></strong>:532 - Sprint Report row 10 header 4 position text is: DONE
18:34:31,970  INFO devpinoyLogger<strong><strong>{1}</strong></strong>:532 - Sprint Report row 11 header 4 position text is: DONE
18:34:32,033  INFO devpinoyLogger<strong><strong>{1}</strong></strong>:532 - Sprint Report row 12 header 4 position text is: DONE
18:34:32,093  INFO devpinoyLogger<strong><strong>{1}</strong></strong>:532 - Sprint Report row 13 header 4 position text is: DONE
18:34:32,158  INFO devpinoyLogger<strong><strong>{1}</strong></strong>:532 - Sprint Report row 14 header 4 position text is: OPEN
18:34:32,221  INFO devpinoyLogger<strong><strong>{1}</strong></strong>:532 - Sprint Report row 15 header 4 position text is: DONE
18:34:32,283  INFO devpinoyLogger<strong><strong>{1}</strong></strong>:532 - Sprint Report row 16 header 4 position text is: OPEN
18:34:32,347  INFO devpinoyLogger<strong><strong>{1}</strong></strong>:532 - Sprint Report row 17 header 4 position text is: DONE
18:34:32,410  INFO devpinoyLogger<strong><strong>{1}</strong></strong>:532 - Sprint Report row 18 header 4 position text is: DONE
18:34:32,476  INFO devpinoyLogger<strong><strong>{1}</strong></strong>:532 - Sprint Report row 19 header 4 position text is: DONE
18:34:32,542  INFO devpinoyLogger<strong><strong>{1}</strong></strong>:532 - Sprint Report row 20 header 4 position text is: DONE
18:34:32,597  INFO devpinoyLogger<strong><strong>{1}</strong></strong>:508 - Sprint Report table header text on position 5 is: Resolution
18:34:32,636  INFO devpinoyLogger<strong><strong>{1}</strong></strong>:508 - Sprint Report table header text on position 6 is: Updated
18:34:32,676  INFO devpinoyLogger<strong><strong>{1}</strong></strong>:508 - Sprint Report table header text on position 7 is: Description
18:34:32,714  INFO devpinoyLogger<strong><strong>{1}</strong></strong>:508 - Sprint Report table header text on position 8 is: Key
18:34:32,752  INFO devpinoyLogger<strong><strong>{1}</strong></strong>:508 - Sprint Report table header text on position 9 is: QA Owner
18:34:32,788  INFO devpinoyLogger<strong><strong>{1}</strong></strong>:508 - Sprint Report table header text on position 10 is: Time Spent
18:34:32,824  INFO devpinoyLogger<strong><strong>{1}</strong></strong>:508 - Sprint Report table header text on position 11 is: 
18:34:32,867  INFO devpinoyLogger<strong><strong>{1}</strong></strong>:508 - Sprint Report table header text on position 1 is: Summary
18:34:32,904  INFO devpinoyLogger<strong><strong>{1}</strong></strong>:508 - Sprint Report table header text on position 2 is: Reporter
18:34:32,941  INFO devpinoyLogger<strong><strong>{1}</strong></strong>:508 - Sprint Report table header text on position 3 is: P
18:34:33,028  INFO devpinoyLogger<strong><strong>{1}</strong></strong>:508 - Sprint Report table header text on position 4 is: Status
18:34:33,065  INFO devpinoyLogger<strong><strong>{1}</strong></strong>:508 - Sprint Report table header text on position 5 is: Resolution
18:34:33,099  INFO devpinoyLogger<strong><strong>{1}</strong></strong>:508 - Sprint Report table header text on position 6 is: Updated
18:34:33,135  INFO devpinoyLogger<strong><strong>{1}</strong></strong>:508 - Sprint Report table header text on position 7 is: Description
18:34:33,173  INFO devpinoyLogger<strong><strong>{1}</strong></strong>:508 - Sprint Report table header text on position 8 is: Key
18:34:33,214  INFO devpinoyLogger<strong><strong>{1}</strong></strong>:508 - Sprint Report table header text on position 9 is: QA Owner
18:34:33,276  INFO devpinoyLogger<strong><strong>{1}</strong></strong>:532 - Sprint Report row 1 header 9 position text is: Naman Agrawal
18:34:33,345  INFO devpinoyLogger<strong><strong>{1}</strong></strong>:532 - Sprint Report row 2 header 9 position text is: Pratik Agrawal
18:34:33,408  INFO devpinoyLogger<strong><strong>{1}</strong></strong>:532 - Sprint Report row 3 header 9 position text is: Pratik Agrawal
18:34:33,492  INFO devpinoyLogger<strong><strong>{1}</strong></strong>:532 - Sprint Report row 4 header 9 position text is: 
18:34:33,564  INFO devpinoyLogger<strong><strong>{1}</strong></strong>:532 - Sprint Report row 5 header 9 position text is: Naman Agrawal
18:34:33,643  INFO devpinoyLogger<strong><strong>{1}</strong></strong>:532 - Sprint Report row 6 header 9 position text is: Naman Agrawal
18:34:33,754  INFO devpinoyLogger<strong><strong>{1}</strong></strong>:532 - Sprint Report row 7 header 9 position text is: Rijul Katyal
18:34:33,904  INFO devpinoyLogger<strong><strong>{1}</strong></strong>:532 - Sprint Report row 8 header 9 position text is: Manish Bhayana
18:34:34,044  INFO devpinoyLogger<strong><strong>{1}</strong></strong>:532 - Sprint Report row 9 header 9 position text is: Manish Bhayana
18:34:34,137  INFO devpinoyLogger<strong><strong>{1}</strong></strong>:532 - Sprint Report row 10 header 9 position text is: Pratik Agrawal
18:34:34,208  INFO devpinoyLogger<strong><strong>{1}</strong></strong>:532 - Sprint Report row 11 header 9 position text is: Naman Agrawal
18:34:34,267  INFO devpinoyLogger<strong><strong>{1}</strong></strong>:532 - Sprint Report row 12 header 9 position text is: 
18:34:34,342  INFO devpinoyLogger<strong><strong>{1}</strong></strong>:532 - Sprint Report row 13 header 9 position text is: Sambhav Aggarwal
18:34:34,465  INFO devpinoyLogger<strong><strong>{1}</strong></strong>:532 - Sprint Report row 14 header 9 position text is: Naman Agrawal
18:34:34,560  INFO devpinoyLogger<strong><strong>{1}</strong></strong>:532 - Sprint Report row 15 header 9 position text is: 
18:34:34,654  INFO devpinoyLogger<strong><strong>{1}</strong></strong>:532 - Sprint Report row 16 header 9 position text is: Manish Bhayana
18:34:34,744  INFO devpinoyLogger<strong><strong>{1}</strong></strong>:532 - Sprint Report row 17 header 9 position text is: Naman Agrawal
18:34:34,832  INFO devpinoyLogger<strong><strong>{1}</strong></strong>:532 - Sprint Report row 18 header 9 position text is: Pratik Agrawal
18:34:34,927  INFO devpinoyLogger<strong><strong>{1}</strong></strong>:532 - Sprint Report row 19 header 9 position text is: Sambhav Aggarwal
18:34:35,019  INFO devpinoyLogger<strong><strong>{1}</strong></strong>:532 - Sprint Report row 20 header 9 position text is: 
18:34:35,098  INFO devpinoyLogger<strong><strong>{1}</strong></strong>:508 - Sprint Report table header text on position 10 is: Time Spent
18:34:35,145  INFO devpinoyLogger<strong><strong>{1}</strong></strong>:508 - Sprint Report table header text on position 11 is: 
18:34:35,195  INFO devpinoyLogger<strong><strong>{1}</strong></strong>:508 - Sprint Report table header text on position 1 is: Summary
18:34:35,234  INFO devpinoyLogger<strong><strong>{1}</strong></strong>:508 - Sprint Report table header text on position 2 is: Reporter
18:34:35,269  INFO devpinoyLogger<strong><strong>{1}</strong></strong>:508 - Sprint Report table header text on position 3 is: P
18:34:35,306  INFO devpinoyLogger<strong><strong>{1}</strong></strong>:508 - Sprint Report table header text on position 4 is: Status
18:34:35,344  INFO devpinoyLogger<strong><strong>{1}</strong></strong>:508 - Sprint Report table header text on position 5 is: Resolution
18:34:35,383  INFO devpinoyLogger<strong><strong>{1}</strong></strong>:508 - Sprint Report table header text on position 6 is: Updated
18:34:35,421  INFO devpinoyLogger<strong><strong>{1}</strong></strong>:508 - Sprint Report table header text on position 7 is: Description
18:34:35,458  INFO devpinoyLogger<strong><strong>{1}</strong></strong>:508 - Sprint Report table header text on position 8 is: Key
18:34:35,495  INFO devpinoyLogger<strong><strong>{1}</strong></strong>:508 - Sprint Report table header text on position 9 is: QA Owner
18:34:35,534  INFO devpinoyLogger<strong><strong>{1}</strong></strong>:508 - Sprint Report table header text on position 10 is: Time Spent
18:34:35,572  INFO devpinoyLogger<strong><strong>{1}</strong></strong>:508 - Sprint Report table header text on position 11 is: 
18:34:35,620  INFO devpinoyLogger<strong><strong>{1}</strong></strong>:508 - Sprint Report table header text on position 1 is: Summary
18:34:35,657  INFO devpinoyLogger<strong><strong>{1}</strong></strong>:508 - Sprint Report table header text on position 2 is: Reporter
18:34:35,694  INFO devpinoyLogger<strong><strong>{1}</strong></strong>:508 - Sprint Report table header text on position 3 is: P
18:34:35,732  INFO devpinoyLogger<strong><strong>{1}</strong></strong>:508 - Sprint Report table header text on position 4 is: Status
18:34:35,769  INFO devpinoyLogger<strong><strong>{1}</strong></strong>:508 - Sprint Report table header text on position 5 is: Resolution
18:34:35,806  INFO devpinoyLogger<strong><strong>{1}</strong></strong>:508 - Sprint Report table header text on position 6 is: Updated
18:34:35,844  INFO devpinoyLogger<strong><strong>{1}</strong></strong>:508 - Sprint Report table header text on position 7 is: Description
18:34:35,881  INFO devpinoyLogger<strong><strong>{1}</strong></strong>:508 - Sprint Report table header text on position 8 is: Key
18:34:35,920  INFO devpinoyLogger<strong><strong>{1}</strong></strong>:508 - Sprint Report table header text on position 9 is: QA Owner
18:34:35,958  INFO devpinoyLogger<strong><strong>{1}</strong></strong>:508 - Sprint Report table header text on position 10 is: Time Spent
18:34:36,027  INFO devpinoyLogger<strong><strong>{1}</strong></strong>:532 - Sprint Report row 1 header 10 position text is: 4 hours
18:34:36,091  INFO devpinoyLogger<strong><strong>{1}</strong></strong>:532 - Sprint Report row 2 header 10 position text is: 
18:34:36,167  INFO devpinoyLogger<strong><strong>{1}</strong></strong>:532 - Sprint Report row 3 header 10 position text is: 
18:34:36,234  INFO devpinoyLogger<strong><strong>{1}</strong></strong>:532 - Sprint Report row 4 header 10 position text is: 
18:34:36,298  INFO devpinoyLogger<strong><strong>{1}</strong></strong>:532 - Sprint Report row 5 header 10 position text is: 
18:34:36,380  INFO devpinoyLogger<strong><strong>{1}</strong></strong>:532 - Sprint Report row 6 header 10 position text is: 4 hours
18:34:36,444  INFO devpinoyLogger<strong><strong>{1}</strong></strong>:532 - Sprint Report row 7 header 10 position text is: 2 hours
18:34:36,507  INFO devpinoyLogger<strong><strong>{1}</strong></strong>:532 - Sprint Report row 8 header 10 position text is: 
18:34:36,571  INFO devpinoyLogger<strong><strong>{1}</strong></strong>:532 - Sprint Report row 9 header 10 position text is: 
18:34:36,635  INFO devpinoyLogger<strong><strong>{1}</strong></strong>:532 - Sprint Report row 10 header 10 position text is: 1 hour
18:34:36,698  INFO devpinoyLogger<strong><strong>{1}</strong></strong>:532 - Sprint Report row 11 header 10 position text is: 
18:34:36,760  INFO devpinoyLogger<strong><strong>{1}</strong></strong>:532 - Sprint Report row 12 header 10 position text is: 2 hours
18:34:36,824  INFO devpinoyLogger<strong><strong>{1}</strong></strong>:532 - Sprint Report row 13 header 10 position text is: 30 minutes
18:34:36,888  INFO devpinoyLogger<strong><strong>{1}</strong></strong>:532 - Sprint Report row 14 header 10 position text is: 
18:34:36,950  INFO devpinoyLogger<strong><strong>{1}</strong></strong>:532 - Sprint Report row 15 header 10 position text is: 1 hour
18:34:37,017  INFO devpinoyLogger<strong><strong>{1}</strong></strong>:532 - Sprint Report row 16 header 10 position text is: 
18:34:37,088  INFO devpinoyLogger<strong><strong>{1}</strong></strong>:532 - Sprint Report row 17 header 10 position text is: 
18:34:37,146  INFO devpinoyLogger<strong><strong>{1}</strong></strong>:532 - Sprint Report row 18 header 10 position text is: 1 hour
18:34:37,219  INFO devpinoyLogger<strong><strong>{1}</strong></strong>:532 - Sprint Report row 19 header 10 position text is: 4 hours
18:34:37,280  INFO devpinoyLogger<strong><strong>{1}</strong></strong>:532 - Sprint Report row 20 header 10 position text is: 1 hour
18:34:37,332  INFO devpinoyLogger<strong><strong>{1}</strong></strong>:508 - Sprint Report table header text on position 11 is: 
18:34:37,379  INFO devpinoyLogger<strong><strong>{1}</strong></strong>:508 - Sprint Report table header text on position 1 is: Summary
18:34:37,419  INFO devpinoyLogger<strong><strong>{1}</strong></strong>:508 - Sprint Report table header text on position 2 is: Reporter
18:34:37,459  INFO devpinoyLogger<strong><strong>{1}</strong></strong>:508 - Sprint Report table header text on position 3 is: P
18:34:37,499  INFO devpinoyLogger<strong><strong>{1}</strong></strong>:508 - Sprint Report table header text on position 4 is: Status
18:34:37,543  INFO devpinoyLogger<strong><strong>{1}</strong></strong>:508 - Sprint Report table header text on position 5 is: Resolution
18:34:37,585  INFO devpinoyLogger<strong><strong>{1}</strong></strong>:508 - Sprint Report table header text on position 6 is: Updated
18:34:37,652  INFO devpinoyLogger<strong><strong>{1}</strong></strong>:532 - Sprint Report row 1 header 6 position text is: 30/May/19
18:34:37,718  INFO devpinoyLogger<strong><strong>{1}</strong></strong>:532 - Sprint Report row 2 header 6 position text is: 30/Jul/19
18:34:37,787  INFO devpinoyLogger<strong><strong>{1}</strong></strong>:532 - Sprint Report row 3 header 6 position text is: 30/Jul/19
18:34:37,858  INFO devpinoyLogger<strong><strong>{1}</strong></strong>:532 - Sprint Report row 4 header 6 position text is: 12/Aug/19
18:34:37,926  INFO devpinoyLogger<strong><strong>{1}</strong></strong>:532 - Sprint Report row 5 header 6 position text is: 26/Jul/19
18:34:38,001  INFO devpinoyLogger<strong><strong>{1}</strong></strong>:532 - Sprint Report row 6 header 6 position text is: 27/Jun/19
18:34:38,069  INFO devpinoyLogger<strong><strong>{1}</strong></strong>:532 - Sprint Report row 7 header 6 position text is: 06/Jun/19
18:34:38,140  INFO devpinoyLogger<strong><strong>{1}</strong></strong>:532 - Sprint Report row 8 header 6 position text is: 12/Aug/19
18:34:38,207  INFO devpinoyLogger<strong><strong>{1}</strong></strong>:532 - Sprint Report row 9 header 6 position text is: 12/Sep/19
18:34:38,270  INFO devpinoyLogger<strong><strong>{1}</strong></strong>:532 - Sprint Report row 10 header 6 position text is: 11/Jun/19
18:34:38,347  INFO devpinoyLogger<strong><strong>{1}</strong></strong>:532 - Sprint Report row 11 header 6 position text is: 25/Jul/19
18:34:38,429  INFO devpinoyLogger<strong><strong>{1}</strong></strong>:532 - Sprint Report row 12 header 6 position text is: 25/Jul/19
18:34:38,507  INFO devpinoyLogger<strong><strong>{1}</strong></strong>:532 - Sprint Report row 13 header 6 position text is: 06/Jun/19
18:34:38,579  INFO devpinoyLogger<strong><strong>{1}</strong></strong>:532 - Sprint Report row 14 header 6 position text is: 22/Sep/19
18:34:38,641  INFO devpinoyLogger<strong><strong>{1}</strong></strong>:532 - Sprint Report row 15 header 6 position text is: 05/Aug/19
18:34:38,713  INFO devpinoyLogger<strong><strong>{1}</strong></strong>:532 - Sprint Report row 16 header 6 position text is: 12/Aug/19
18:34:38,798  INFO devpinoyLogger<strong><strong>{1}</strong></strong>:532 - Sprint Report row 17 header 6 position text is: 01/Oct/19
18:34:38,871  INFO devpinoyLogger<strong><strong>{1}</strong></strong>:532 - Sprint Report row 18 header 6 position text is: 07/Jun/19
18:34:38,939  INFO devpinoyLogger<strong><strong>{1}</strong></strong>:532 - Sprint Report row 19 header 6 position text is: 12/Jun/19
18:34:39,006  INFO devpinoyLogger<strong><strong>{1}</strong></strong>:532 - Sprint Report row 20 header 6 position text is: 12/Jun/19
18:34:39,061  INFO devpinoyLogger<strong><strong>{1}</strong></strong>:508 - Sprint Report table header text on position 7 is: Description
18:34:39,111  INFO devpinoyLogger<strong><strong>{1}</strong></strong>:508 - Sprint Report table header text on position 8 is: Key
18:34:39,149  INFO devpinoyLogger<strong><strong>{1}</strong></strong>:508 - Sprint Report table header text on position 9 is: QA Owner
18:34:39,191  INFO devpinoyLogger<strong><strong>{1}</strong></strong>:508 - Sprint Report table header text on position 10 is: Time Spent
18:34:39,231  INFO devpinoyLogger<strong><strong>{1}</strong></strong>:508 - Sprint Report table header text on position 11 is: 
18:34:39,309  INFO devpinoyLogger<strong><strong>{1}</strong></strong>:375 - Closed Issue not Completed Window.
18:34:39,497  INFO devpinoyLogger<strong><strong>{1}</strong></strong>:393 - Click on Navigator for Issue Completed Outside.
18:34:43,591  INFO devpinoyLogger<strong><strong>{1}</strong></strong>:465 - Sprint Report table header count: 11
18:34:43,645  INFO devpinoyLogger<strong><strong>{1}</strong></strong>:485 - Sprint Report table row count: 2
18:34:43,719  INFO devpinoyLogger<strong><strong>{1}</strong></strong>:508 - Sprint Report table header text on position 1 is: Summary
18:34:43,801  INFO devpinoyLogger<strong><strong>{1}</strong></strong>:532 - Sprint Report row 1 header 1 position text is: Survey Builder: Manage client header theme
18:34:43,874  INFO devpinoyLogger<strong><strong>{1}</strong></strong>:532 - Sprint Report row 2 header 1 position text is: (May) Boolean queries in comment text search (simple)
18:34:43,964  INFO devpinoyLogger<strong><strong>{1}</strong></strong>:508 - Sprint Report table header text on position 2 is: Reporter
18:34:44,016  INFO devpinoyLogger<strong><strong>{1}</strong></strong>:508 - Sprint Report table header text on position 3 is: P
18:34:44,065  INFO devpinoyLogger<strong><strong>{1}</strong></strong>:508 - Sprint Report table header text on position 4 is: Status
18:34:44,111  INFO devpinoyLogger<strong><strong>{1}</strong></strong>:508 - Sprint Report table header text on position 5 is: Resolution
18:34:44,161  INFO devpinoyLogger<strong><strong>{1}</strong></strong>:508 - Sprint Report table header text on position 6 is: Updated
18:34:44,226  INFO devpinoyLogger<strong><strong>{1}</strong></strong>:508 - Sprint Report table header text on position 7 is: Description
18:34:44,283  INFO devpinoyLogger<strong><strong>{1}</strong></strong>:508 - Sprint Report table header text on position 8 is: Key
18:34:44,369  INFO devpinoyLogger<strong><strong>{1}</strong></strong>:508 - Sprint Report table header text on position 9 is: QA Owner
18:34:44,443  INFO devpinoyLogger<strong><strong>{1}</strong></strong>:508 - Sprint Report table header text on position 10 is: Time Spent
18:34:44,510  INFO devpinoyLogger<strong><strong>{1}</strong></strong>:508 - Sprint Report table header text on position 11 is: 
18:34:44,577  INFO devpinoyLogger<strong><strong>{1}</strong></strong>:508 - Sprint Report table header text on position 1 is: Summary
18:34:44,627  INFO devpinoyLogger<strong><strong>{1}</strong></strong>:508 - Sprint Report table header text on position 2 is: Reporter
18:34:44,683  INFO devpinoyLogger<strong><strong>{1}</strong></strong>:508 - Sprint Report table header text on position 3 is: P
18:34:44,726  INFO devpinoyLogger<strong><strong>{1}</strong></strong>:508 - Sprint Report table header text on position 4 is: Status
18:34:44,776  INFO devpinoyLogger<strong><strong>{1}</strong></strong>:508 - Sprint Report table header text on position 5 is: Resolution
18:34:44,829  INFO devpinoyLogger<strong><strong>{1}</strong></strong>:508 - Sprint Report table header text on position 6 is: Updated
18:34:44,870  INFO devpinoyLogger<strong><strong>{1}</strong></strong>:508 - Sprint Report table header text on position 7 is: Description
18:34:44,910  INFO devpinoyLogger<strong><strong>{1}</strong></strong>:508 - Sprint Report table header text on position 8 is: Key
18:34:44,984  INFO devpinoyLogger<strong><strong>{1}</strong></strong>:532 - Sprint Report row 1 header 8 position text is: S4-3152
18:34:45,058  INFO devpinoyLogger<strong><strong>{1}</strong></strong>:532 - Sprint Report row 2 header 8 position text is: S4-2600
18:34:45,127  INFO devpinoyLogger<strong><strong>{1}</strong></strong>:508 - Sprint Report table header text on position 9 is: QA Owner
18:34:45,168  INFO devpinoyLogger<strong><strong>{1}</strong></strong>:508 - Sprint Report table header text on position 10 is: Time Spent
18:34:45,207  INFO devpinoyLogger<strong><strong>{1}</strong></strong>:508 - Sprint Report table header text on position 11 is: 
18:34:45,258  INFO devpinoyLogger<strong><strong>{1}</strong></strong>:508 - Sprint Report table header text on position 1 is: Summary
18:34:45,297  INFO devpinoyLogger<strong><strong>{1}</strong></strong>:508 - Sprint Report table header text on position 2 is: Reporter
18:34:45,337  INFO devpinoyLogger<strong><strong>{1}</strong></strong>:508 - Sprint Report table header text on position 3 is: P
18:34:45,376  INFO devpinoyLogger<strong><strong>{1}</strong></strong>:508 - Sprint Report table header text on position 4 is: Status
18:34:45,417  INFO devpinoyLogger<strong><strong>{1}</strong></strong>:508 - Sprint Report table header text on position 5 is: Resolution
18:34:45,454  INFO devpinoyLogger<strong><strong>{1}</strong></strong>:508 - Sprint Report table header text on position 6 is: Updated
18:34:45,492  INFO devpinoyLogger<strong><strong>{1}</strong></strong>:508 - Sprint Report table header text on position 7 is: Description
18:34:45,530  INFO devpinoyLogger<strong><strong>{1}</strong></strong>:508 - Sprint Report table header text on position 8 is: Key
18:34:45,570  INFO devpinoyLogger<strong><strong>{1}</strong></strong>:508 - Sprint Report table header text on position 9 is: QA Owner
18:34:45,610  INFO devpinoyLogger<strong><strong>{1}</strong></strong>:508 - Sprint Report table header text on position 10 is: Time Spent
18:34:45,646  INFO devpinoyLogger<strong><strong>{1}</strong></strong>:508 - Sprint Report table header text on position 11 is: 
18:34:45,695  INFO devpinoyLogger<strong><strong>{1}</strong></strong>:508 - Sprint Report table header text on position 1 is: Summary
18:34:45,733  INFO devpinoyLogger<strong><strong>{1}</strong></strong>:508 - Sprint Report table header text on position 2 is: Reporter
18:34:45,771  INFO devpinoyLogger<strong><strong>{1}</strong></strong>:508 - Sprint Report table header text on position 3 is: P
18:34:45,809  INFO devpinoyLogger<strong><strong>{1}</strong></strong>:508 - Sprint Report table header text on position 4 is: Status
18:34:45,872  INFO devpinoyLogger<strong><strong>{1}</strong></strong>:532 - Sprint Report row 1 header 4 position text is: DONE
18:34:45,934  INFO devpinoyLogger<strong><strong>{1}</strong></strong>:532 - Sprint Report row 2 header 4 position text is: DONE
18:34:45,984  INFO devpinoyLogger<strong><strong>{1}</strong></strong>:508 - Sprint Report table header text on position 5 is: Resolution
18:34:46,023  INFO devpinoyLogger<strong><strong>{1}</strong></strong>:508 - Sprint Report table header text on position 6 is: Updated
18:34:46,056  INFO devpinoyLogger<strong><strong>{1}</strong></strong>:508 - Sprint Report table header text on position 7 is: Description
18:34:46,089  INFO devpinoyLogger<strong><strong>{1}</strong></strong>:508 - Sprint Report table header text on position 8 is: Key
18:34:46,124  INFO devpinoyLogger<strong><strong>{1}</strong></strong>:508 - Sprint Report table header text on position 9 is: QA Owner
18:34:46,159  INFO devpinoyLogger<strong><strong>{1}</strong></strong>:508 - Sprint Report table header text on position 10 is: Time Spent
18:34:46,196  INFO devpinoyLogger<strong><strong>{1}</strong></strong>:508 - Sprint Report table header text on position 11 is: 
18:34:46,241  INFO devpinoyLogger<strong><strong>{1}</strong></strong>:508 - Sprint Report table header text on position 1 is: Summary
18:34:46,279  INFO devpinoyLogger<strong><strong>{1}</strong></strong>:508 - Sprint Report table header text on position 2 is: Reporter
18:34:46,318  INFO devpinoyLogger<strong><strong>{1}</strong></strong>:508 - Sprint Report table header text on position 3 is: P
18:34:46,359  INFO devpinoyLogger<strong><strong>{1}</strong></strong>:508 - Sprint Report table header text on position 4 is: Status
18:34:46,398  INFO devpinoyLogger<strong><strong>{1}</strong></strong>:508 - Sprint Report table header text on position 5 is: Resolution
18:34:46,438  INFO devpinoyLogger<strong><strong>{1}</strong></strong>:508 - Sprint Report table header text on position 6 is: Updated
18:34:46,477  INFO devpinoyLogger<strong><strong>{1}</strong></strong>:508 - Sprint Report table header text on position 7 is: Description
18:34:46,515  INFO devpinoyLogger<strong><strong>{1}</strong></strong>:508 - Sprint Report table header text on position 8 is: Key
18:34:46,558  INFO devpinoyLogger<strong><strong>{1}</strong></strong>:508 - Sprint Report table header text on position 9 is: QA Owner
18:34:46,635  INFO devpinoyLogger<strong><strong>{1}</strong></strong>:532 - Sprint Report row 1 header 9 position text is: Pratik Agrawal
18:34:46,703  INFO devpinoyLogger<strong><strong>{1}</strong></strong>:532 - Sprint Report row 2 header 9 position text is: Rijul Katyal
18:34:46,784  INFO devpinoyLogger<strong><strong>{1}</strong></strong>:508 - Sprint Report table header text on position 10 is: Time Spent
18:34:46,827  INFO devpinoyLogger<strong><strong>{1}</strong></strong>:508 - Sprint Report table header text on position 11 is: 
18:34:46,880  INFO devpinoyLogger<strong><strong>{1}</strong></strong>:508 - Sprint Report table header text on position 1 is: Summary
18:34:46,920  INFO devpinoyLogger<strong><strong>{1}</strong></strong>:508 - Sprint Report table header text on position 2 is: Reporter
18:34:46,967  INFO devpinoyLogger<strong><strong>{1}</strong></strong>:508 - Sprint Report table header text on position 3 is: P
18:34:47,007  INFO devpinoyLogger<strong><strong>{1}</strong></strong>:508 - Sprint Report table header text on position 4 is: Status
18:34:47,044  INFO devpinoyLogger<strong><strong>{1}</strong></strong>:508 - Sprint Report table header text on position 5 is: Resolution
18:34:47,083  INFO devpinoyLogger<strong><strong>{1}</strong></strong>:508 - Sprint Report table header text on position 6 is: Updated
18:34:47,122  INFO devpinoyLogger<strong><strong>{1}</strong></strong>:508 - Sprint Report table header text on position 7 is: Description
18:34:47,164  INFO devpinoyLogger<strong><strong>{1}</strong></strong>:508 - Sprint Report table header text on position 8 is: Key
18:34:47,210  INFO devpinoyLogger<strong><strong>{1}</strong></strong>:508 - Sprint Report table header text on position 9 is: QA Owner
18:34:47,249  INFO devpinoyLogger<strong><strong>{1}</strong></strong>:508 - Sprint Report table header text on position 10 is: Time Spent
18:34:47,293  INFO devpinoyLogger<strong><strong>{1}</strong></strong>:508 - Sprint Report table header text on position 11 is: 
18:34:47,342  INFO devpinoyLogger<strong><strong>{1}</strong></strong>:508 - Sprint Report table header text on position 1 is: Summary
18:34:47,384  INFO devpinoyLogger<strong><strong>{1}</strong></strong>:508 - Sprint Report table header text on position 2 is: Reporter
18:34:47,424  INFO devpinoyLogger<strong><strong>{1}</strong></strong>:508 - Sprint Report table header text on position 3 is: P
18:34:47,464  INFO devpinoyLogger<strong><strong>{1}</strong></strong>:508 - Sprint Report table header text on position 4 is: Status
18:34:47,507  INFO devpinoyLogger<strong><strong>{1}</strong></strong>:508 - Sprint Report table header text on position 5 is: Resolution
18:34:47,550  INFO devpinoyLogger<strong><strong>{1}</strong></strong>:508 - Sprint Report table header text on position 6 is: Updated
18:34:47,595  INFO devpinoyLogger<strong><strong>{1}</strong></strong>:508 - Sprint Report table header text on position 7 is: Description
18:34:47,633  INFO devpinoyLogger<strong><strong>{1}</strong></strong>:508 - Sprint Report table header text on position 8 is: Key
18:34:47,673  INFO devpinoyLogger<strong><strong>{1}</strong></strong>:508 - Sprint Report table header text on position 9 is: QA Owner
18:34:47,714  INFO devpinoyLogger<strong><strong>{1}</strong></strong>:508 - Sprint Report table header text on position 10 is: Time Spent
18:34:47,779  INFO devpinoyLogger<strong><strong>{1}</strong></strong>:532 - Sprint Report row 1 header 10 position text is: 0 minutes
18:34:47,845  INFO devpinoyLogger<strong><strong>{1}</strong></strong>:532 - Sprint Report row 2 header 10 position text is: 
18:34:47,900  INFO devpinoyLogger<strong><strong>{1}</strong></strong>:508 - Sprint Report table header text on position 11 is: 
18:34:47,948  INFO devpinoyLogger<strong><strong>{1}</strong></strong>:508 - Sprint Report table header text on position 1 is: Summary
18:34:47,994  INFO devpinoyLogger<strong><strong>{1}</strong></strong>:508 - Sprint Report table header text on position 2 is: Reporter
18:34:48,034  INFO devpinoyLogger<strong><strong>{1}</strong></strong>:508 - Sprint Report table header text on position 3 is: P
18:34:48,088  INFO devpinoyLogger<strong><strong>{1}</strong></strong>:508 - Sprint Report table header text on position 4 is: Status
18:34:48,126  INFO devpinoyLogger<strong><strong>{1}</strong></strong>:508 - Sprint Report table header text on position 5 is: Resolution
18:34:48,166  INFO devpinoyLogger<strong><strong>{1}</strong></strong>:508 - Sprint Report table header text on position 6 is: Updated
18:34:48,236  INFO devpinoyLogger<strong><strong>{1}</strong></strong>:532 - Sprint Report row 1 header 6 position text is: 13/May/19
18:34:48,302  INFO devpinoyLogger<strong><strong>{1}</strong></strong>:532 - Sprint Report row 2 header 6 position text is: 13/May/19
18:34:48,360  INFO devpinoyLogger<strong><strong>{1}</strong></strong>:508 - Sprint Report table header text on position 7 is: Description
18:34:48,397  INFO devpinoyLogger<strong><strong>{1}</strong></strong>:508 - Sprint Report table header text on position 8 is: Key
18:34:48,436  INFO devpinoyLogger<strong><strong>{1}</strong></strong>:508 - Sprint Report table header text on position 9 is: QA Owner
18:34:48,472  INFO devpinoyLogger<strong><strong>{1}</strong></strong>:508 - Sprint Report table header text on position 10 is: Time Spent
18:34:48,507  INFO devpinoyLogger<strong><strong>{1}</strong></strong>:508 - Sprint Report table header text on position 11 is: 
18:34:48,540  INFO devpinoyLogger<strong><strong>{1}</strong></strong>:412 - Closed Issue Completed Outside Window.
18:34:48,727  INFO devpinoyLogger<strong><strong>{1}</strong></strong>:430 - Click on Navigator for Issue Removed.
18:34:52,835  INFO devpinoyLogger<strong><strong>{1}</strong></strong>:465 - Sprint Report table header count: 11
18:34:52,885  INFO devpinoyLogger<strong><strong>{1}</strong></strong>:485 - Sprint Report table row count: 1
18:34:52,947  INFO devpinoyLogger<strong><strong>{1}</strong></strong>:508 - Sprint Report table header text on position 1 is: Summary
18:34:53,013  INFO devpinoyLogger<strong><strong>{1}</strong></strong>:532 - Sprint Report row 1 header 1 position text is: Bulk User Upload Updates To Template And Import With Support For Multiple Nodes
18:34:53,080  INFO devpinoyLogger<strong><strong>{1}</strong></strong>:508 - Sprint Report table header text on position 2 is: Reporter
18:34:53,127  INFO devpinoyLogger<strong><strong>{1}</strong></strong>:508 - Sprint Report table header text on position 3 is: P
18:34:53,207  INFO devpinoyLogger<strong><strong>{1}</strong></strong>:508 - Sprint Report table header text on position 4 is: Status
18:34:53,255  INFO devpinoyLogger<strong><strong>{1}</strong></strong>:508 - Sprint Report table header text on position 5 is: Resolution
18:34:53,299  INFO devpinoyLogger<strong><strong>{1}</strong></strong>:508 - Sprint Report table header text on position 6 is: Updated
18:34:53,344  INFO devpinoyLogger<strong><strong>{1}</strong></strong>:508 - Sprint Report table header text on position 7 is: Description
18:34:53,412  INFO devpinoyLogger<strong><strong>{1}</strong></strong>:508 - Sprint Report table header text on position 8 is: Key
18:34:53,457  INFO devpinoyLogger<strong><strong>{1}</strong></strong>:508 - Sprint Report table header text on position 9 is: QA Owner
18:34:53,503  INFO devpinoyLogger<strong><strong>{1}</strong></strong>:508 - Sprint Report table header text on position 10 is: Time Spent
18:34:53,544  INFO devpinoyLogger<strong><strong>{1}</strong></strong>:508 - Sprint Report table header text on position 11 is: 
18:34:53,588  INFO devpinoyLogger<strong><strong>{1}</strong></strong>:508 - Sprint Report table header text on position 1 is: Summary
18:34:53,626  INFO devpinoyLogger<strong><strong>{1}</strong></strong>:508 - Sprint Report table header text on position 2 is: Reporter
18:34:53,661  INFO devpinoyLogger<strong><strong>{1}</strong></strong>:508 - Sprint Report table header text on position 3 is: P
18:34:53,704  INFO devpinoyLogger<strong><strong>{1}</strong></strong>:508 - Sprint Report table header text on position 4 is: Status
18:34:53,741  INFO devpinoyLogger<strong><strong>{1}</strong></strong>:508 - Sprint Report table header text on position 5 is: Resolution
18:34:53,778  INFO devpinoyLogger<strong><strong>{1}</strong></strong>:508 - Sprint Report table header text on position 6 is: Updated
18:34:53,818  INFO devpinoyLogger<strong><strong>{1}</strong></strong>:508 - Sprint Report table header text on position 7 is: Description
18:34:53,855  INFO devpinoyLogger<strong><strong>{1}</strong></strong>:508 - Sprint Report table header text on position 8 is: Key
18:34:53,921  INFO devpinoyLogger<strong><strong>{1}</strong></strong>:532 - Sprint Report row 1 header 8 position text is: S4-3202
18:34:53,973  INFO devpinoyLogger<strong><strong>{1}</strong></strong>:508 - Sprint Report table header text on position 9 is: QA Owner
18:34:54,011  INFO devpinoyLogger<strong><strong>{1}</strong></strong>:508 - Sprint Report table header text on position 10 is: Time Spent
18:34:54,048  INFO devpinoyLogger<strong><strong>{1}</strong></strong>:508 - Sprint Report table header text on position 11 is: 
18:34:54,090  INFO devpinoyLogger<strong><strong>{1}</strong></strong>:508 - Sprint Report table header text on position 1 is: Summary
18:34:54,134  INFO devpinoyLogger<strong><strong>{1}</strong></strong>:508 - Sprint Report table header text on position 2 is: Reporter
18:34:54,174  INFO devpinoyLogger<strong><strong>{1}</strong></strong>:508 - Sprint Report table header text on position 3 is: P
18:34:54,213  INFO devpinoyLogger<strong><strong>{1}</strong></strong>:508 - Sprint Report table header text on position 4 is: Status
18:34:54,248  INFO devpinoyLogger<strong><strong>{1}</strong></strong>:508 - Sprint Report table header text on position 5 is: Resolution
18:34:54,287  INFO devpinoyLogger<strong><strong>{1}</strong></strong>:508 - Sprint Report table header text on position 6 is: Updated
18:34:54,329  INFO devpinoyLogger<strong><strong>{1}</strong></strong>:508 - Sprint Report table header text on position 7 is: Description
18:34:54,365  INFO devpinoyLogger<strong><strong>{1}</strong></strong>:508 - Sprint Report table header text on position 8 is: Key
18:34:54,402  INFO devpinoyLogger<strong><strong>{1}</strong></strong>:508 - Sprint Report table header text on position 9 is: QA Owner
18:34:54,437  INFO devpinoyLogger<strong><strong>{1}</strong></strong>:508 - Sprint Report table header text on position 10 is: Time Spent
18:34:54,490  INFO devpinoyLogger<strong><strong>{1}</strong></strong>:508 - Sprint Report table header text on position 11 is: 
18:34:54,537  INFO devpinoyLogger<strong><strong>{1}</strong></strong>:508 - Sprint Report table header text on position 1 is: Summary
18:34:54,577  INFO devpinoyLogger<strong><strong>{1}</strong></strong>:508 - Sprint Report table header text on position 2 is: Reporter
18:34:54,608  INFO devpinoyLogger<strong><strong>{1}</strong></strong>:508 - Sprint Report table header text on position 3 is: P
18:34:54,642  INFO devpinoyLogger<strong><strong>{1}</strong></strong>:508 - Sprint Report table header text on position 4 is: Status
18:34:54,704  INFO devpinoyLogger<strong><strong>{1}</strong></strong>:532 - Sprint Report row 1 header 4 position text is: DONE
18:34:54,757  INFO devpinoyLogger<strong><strong>{1}</strong></strong>:508 - Sprint Report table header text on position 5 is: Resolution
18:34:54,794  INFO devpinoyLogger<strong><strong>{1}</strong></strong>:508 - Sprint Report table header text on position 6 is: Updated
18:34:54,829  INFO devpinoyLogger<strong><strong>{1}</strong></strong>:508 - Sprint Report table header text on position 7 is: Description
18:34:54,868  INFO devpinoyLogger<strong><strong>{1}</strong></strong>:508 - Sprint Report table header text on position 8 is: Key
18:34:54,905  INFO devpinoyLogger<strong><strong>{1}</strong></strong>:508 - Sprint Report table header text on position 9 is: QA Owner
18:34:54,943  INFO devpinoyLogger<strong><strong>{1}</strong></strong>:508 - Sprint Report table header text on position 10 is: Time Spent
18:34:54,990  INFO devpinoyLogger<strong><strong>{1}</strong></strong>:508 - Sprint Report table header text on position 11 is: 
18:34:55,035  INFO devpinoyLogger<strong><strong>{1}</strong></strong>:508 - Sprint Report table header text on position 1 is: Summary
18:34:55,075  INFO devpinoyLogger<strong><strong>{1}</strong></strong>:508 - Sprint Report table header text on position 2 is: Reporter
18:34:55,115  INFO devpinoyLogger<strong><strong>{1}</strong></strong>:508 - Sprint Report table header text on position 3 is: P
18:34:55,152  INFO devpinoyLogger<strong><strong>{1}</strong></strong>:508 - Sprint Report table header text on position 4 is: Status
18:34:55,189  INFO devpinoyLogger<strong><strong>{1}</strong></strong>:508 - Sprint Report table header text on position 5 is: Resolution
18:34:55,224  INFO devpinoyLogger<strong><strong>{1}</strong></strong>:508 - Sprint Report table header text on position 6 is: Updated
18:34:55,263  INFO devpinoyLogger<strong><strong>{1}</strong></strong>:508 - Sprint Report table header text on position 7 is: Description
18:34:55,300  INFO devpinoyLogger<strong><strong>{1}</strong></strong>:508 - Sprint Report table header text on position 8 is: Key
18:34:55,339  INFO devpinoyLogger<strong><strong>{1}</strong></strong>:508 - Sprint Report table header text on position 9 is: QA Owner
18:34:55,404  INFO devpinoyLogger<strong><strong>{1}</strong></strong>:532 - Sprint Report row 1 header 9 position text is: Rijul Katyal
18:34:55,456  INFO devpinoyLogger<strong><strong>{1}</strong></strong>:508 - Sprint Report table header text on position 10 is: Time Spent
18:34:55,490  INFO devpinoyLogger<strong><strong>{1}</strong></strong>:508 - Sprint Report table header text on position 11 is: 
18:34:55,534  INFO devpinoyLogger<strong><strong>{1}</strong></strong>:508 - Sprint Report table header text on position 1 is: Summary
18:34:55,571  INFO devpinoyLogger<strong><strong>{1}</strong></strong>:508 - Sprint Report table header text on position 2 is: Reporter
18:34:55,606  INFO devpinoyLogger<strong><strong>{1}</strong></strong>:508 - Sprint Report table header text on position 3 is: P
18:34:55,647  INFO devpinoyLogger<strong><strong>{1}</strong></strong>:508 - Sprint Report table header text on position 4 is: Status
18:34:55,683  INFO devpinoyLogger<strong><strong>{1}</strong></strong>:508 - Sprint Report table header text on position 5 is: Resolution
18:34:55,717  INFO devpinoyLogger<strong><strong>{1}</strong></strong>:508 - Sprint Report table header text on position 6 is: Updated
18:34:55,752  INFO devpinoyLogger<strong><strong>{1}</strong></strong>:508 - Sprint Report table header text on position 7 is: Description
18:34:55,785  INFO devpinoyLogger<strong><strong>{1}</strong></strong>:508 - Sprint Report table header text on position 8 is: Key
18:34:55,818  INFO devpinoyLogger<strong><strong>{1}</strong></strong>:508 - Sprint Report table header text on position 9 is: QA Owner
18:34:55,866  INFO devpinoyLogger<strong><strong>{1}</strong></strong>:508 - Sprint Report table header text on position 10 is: Time Spent
18:34:55,902  INFO devpinoyLogger<strong><strong>{1}</strong></strong>:508 - Sprint Report table header text on position 11 is: 
18:34:55,977  INFO devpinoyLogger<strong><strong>{1}</strong></strong>:508 - Sprint Report table header text on position 1 is: Summary
18:34:56,018  INFO devpinoyLogger<strong><strong>{1}</strong></strong>:508 - Sprint Report table header text on position 2 is: Reporter
18:34:56,058  INFO devpinoyLogger<strong><strong>{1}</strong></strong>:508 - Sprint Report table header text on position 3 is: P
18:34:56,096  INFO devpinoyLogger<strong><strong>{1}</strong></strong>:508 - Sprint Report table header text on position 4 is: Status
18:34:56,134  INFO devpinoyLogger<strong><strong>{1}</strong></strong>:508 - Sprint Report table header text on position 5 is: Resolution
18:34:56,175  INFO devpinoyLogger<strong><strong>{1}</strong></strong>:508 - Sprint Report table header text on position 6 is: Updated
18:34:56,212  INFO devpinoyLogger<strong><strong>{1}</strong></strong>:508 - Sprint Report table header text on position 7 is: Description
18:34:56,247  INFO devpinoyLogger<strong><strong>{1}</strong></strong>:508 - Sprint Report table header text on position 8 is: Key
18:34:56,284  INFO devpinoyLogger<strong><strong>{1}</strong></strong>:508 - Sprint Report table header text on position 9 is: QA Owner
18:34:56,323  INFO devpinoyLogger<strong><strong>{1}</strong></strong>:508 - Sprint Report table header text on position 10 is: Time Spent
18:34:56,396  INFO devpinoyLogger<strong><strong>{1}</strong></strong>:532 - Sprint Report row 1 header 10 position text is: 2 hours
18:34:56,453  INFO devpinoyLogger<strong><strong>{1}</strong></strong>:508 - Sprint Report table header text on position 11 is: 
18:34:56,495  INFO devpinoyLogger<strong><strong>{1}</strong></strong>:508 - Sprint Report table header text on position 1 is: Summary
18:34:56,533  INFO devpinoyLogger<strong><strong>{1}</strong></strong>:508 - Sprint Report table header text on position 2 is: Reporter
18:34:56,583  INFO devpinoyLogger<strong><strong>{1}</strong></strong>:508 - Sprint Report table header text on position 3 is: P
18:34:56,647  INFO devpinoyLogger<strong><strong>{1}</strong></strong>:508 - Sprint Report table header text on position 4 is: Status
18:34:56,694  INFO devpinoyLogger<strong><strong>{1}</strong></strong>:508 - Sprint Report table header text on position 5 is: Resolution
18:34:56,730  INFO devpinoyLogger<strong><strong>{1}</strong></strong>:508 - Sprint Report table header text on position 6 is: Updated
18:34:56,792  INFO devpinoyLogger<strong><strong>{1}</strong></strong>:532 - Sprint Report row 1 header 6 position text is: 01/Jul/19
18:34:56,847  INFO devpinoyLogger<strong><strong>{1}</strong></strong>:508 - Sprint Report table header text on position 7 is: Description
18:34:56,879  INFO devpinoyLogger<strong><strong>{1}</strong></strong>:508 - Sprint Report table header text on position 8 is: Key
18:34:56,911  INFO devpinoyLogger<strong><strong>{1}</strong></strong>:508 - Sprint Report table header text on position 9 is: QA Owner
18:34:56,948  INFO devpinoyLogger<strong><strong>{1}</strong></strong>:508 - Sprint Report table header text on position 10 is: Time Spent
18:34:56,982  INFO devpinoyLogger<strong><strong>{1}</strong></strong>:508 - Sprint Report table header text on position 11 is: 
18:34:57,025  INFO devpinoyLogger<strong><strong>{1}</strong></strong>:449 - Closed Issue Removed Window.
18:34:57,025  INFO devpinoyLogger<strong><strong>{1}</strong></strong>:308 - Test Case Completed: Get_Data_For_Available_Block
18:34:57,639 DEBUG devpinoyLogger<strong><strong>{1}</strong></strong>:124 - Sending Sprint Report to: naman.agrawal@quovantis.com
18:35:03,159 DEBUG devpinoyLogger<strong><strong>{1}</strong></strong>:128 - Sprint Report is sent to email: naman.agrawal@quovantis.com
18:35:07,709  INFO devpinoyLogger<strong><strong>{1}</strong></strong>:194 - Browser closed.
